android/app/build/intermediates/manifest_merge_blame_file/release/manifest-merger-blame-release-report.txt
1<?xml version="1.0" encoding="utf-8"?>
2<manifest xmlns:android="http://schemas.android.com/apk/res/android"
3    package="com.todoapp"
4    android:versionCode="1"
5    android:versionName="1.0" >
6
7    <uses-sdk
8        android:minSdkVersion="21"
8-->src\main\AndroidManifest.xml
9        android:targetSdkVersion="31" />
9-->src\main\AndroidManifest.xml
10
11    <uses-permission android:name="android.permission.INTERNET" />
11-->src\main\AndroidManifest.xml:4:5-67
11-->src\main\AndroidManifest.xml:4:22-64
12    <uses-permission android:name="android.permission.ACCESS_NETWORK_STATE" />
12-->[:react-native-community_netinfo] AndroidManifest.xml:9:5-79
12-->[:react-native-community_netinfo] AndroidManifest.xml:9:22-76
13    <uses-permission android:name="android.permission.ACCESS_WIFI_STATE" />
13-->[:react-native-community_netinfo] AndroidManifest.xml:10:5-76
13-->[:react-native-community_netinfo] AndroidManifest.xml:10:22-73
14
15    <application
15-->src\main\AndroidManifest.xml:6:5-31:19
16        android:name="com.todoapp.MainApplication"
16-->src\main\AndroidManifest.xml:7:7-38
17        android:allowBackup="false"
17-->src\main\AndroidManifest.xml:11:7-34
18        android:appComponentFactory="androidx.core.app.CoreComponentFactory"
18-->[androidx.core:core:1.7.0] AndroidManifest.xml:24:18-86
19        android:icon="@mipmap/ic_launcher"
19-->src\main\AndroidManifest.xml:9:7-41
20        android:label="@string/app_name"
20-->src\main\AndroidManifest.xml:8:7-39
21        android:roundIcon="@mipmap/ic_launcher_round"
21-->src\main\AndroidManifest.xml:10:7-52
22        android:theme="@style/AppTheme" >
22-->src\main\AndroidManifest.xml:12:7-38
23        <activity
23-->src\main\AndroidManifest.xml:13:7-20:35
24            android:name="com.todoapp.MainActivity"
24-->src\main\AndroidManifest.xml:14:9-37
25            android:configChanges="keyboard|keyboardHidden|orientation|screenLayout|screenSize|smallestScreenSize|uiMode"
25-->src\main\AndroidManifest.xml:16:9-118
26            android:exported="true"
26-->src\main\AndroidManifest.xml:20:9-32
27            android:label="@string/app_name"
27-->src\main\AndroidManifest.xml:15:9-41
28            android:launchMode="singleTask"
28-->src\main\AndroidManifest.xml:17:9-40
29            android:screenOrientation="portrait"
29-->src\main\AndroidManifest.xml:18:9-45
30            android:windowSoftInputMode="adjustResize" />
30-->src\main\AndroidManifest.xml:19:9-51
31        <activity
31-->src\main\AndroidManifest.xml:21:7-30:18
32            android:name="com.todoapp.SplashActivity"
32-->src\main\AndroidManifest.xml:22:9-39
33            android:exported="true"
33-->src\main\AndroidManifest.xml:25:9-32
34            android:label="@string/app_name"
34-->src\main\AndroidManifest.xml:24:9-41
35            android:theme="@style/SplashTheme" >
35-->src\main\AndroidManifest.xml:23:9-43
36            <intent-filter>
36-->src\main\AndroidManifest.xml:26:9-29:25
37                <action android:name="android.intent.action.MAIN" />
37-->src\main\AndroidManifest.xml:27:11-63
37-->src\main\AndroidManifest.xml:27:19-60
38
39                <category android:name="android.intent.category.LAUNCHER" />
39-->src\main\AndroidManifest.xml:28:11-71
39-->src\main\AndroidManifest.xml:28:21-68
40            </intent-filter>
41        </activity>
42
43        <provider
43-->[androidx.emoji2:emoji2:1.0.0] AndroidManifest.xml:26:9-34:20
44            android:name="androidx.startup.InitializationProvider"
44-->[androidx.emoji2:emoji2:1.0.0] AndroidManifest.xml:27:13-67
45            android:authorities="com.todoapp.androidx-startup"
45-->[androidx.emoji2:emoji2:1.0.0] AndroidManifest.xml:28:13-68
46            android:exported="false" >
46-->[androidx.emoji2:emoji2:1.0.0] AndroidManifest.xml:29:13-37
47            <meta-data
47-->[androidx.emoji2:emoji2:1.0.0] AndroidManifest.xml:31:13-33:52
48                android:name="androidx.emoji2.text.EmojiCompatInitializer"
48-->[androidx.emoji2:emoji2:1.0.0] AndroidManifest.xml:32:17-75
49                android:value="androidx.startup" />
49-->[androidx.emoji2:emoji2:1.0.0] AndroidManifest.xml:33:17-49
50            <meta-data
50-->[androidx.lifecycle:lifecycle-process:2.4.0] AndroidManifest.xml:31:13-33:52
51                android:name="androidx.lifecycle.ProcessLifecycleInitializer"
51-->[androidx.lifecycle:lifecycle-process:2.4.0] AndroidManifest.xml:32:17-78
52                android:value="androidx.startup" />
52-->[androidx.lifecycle:lifecycle-process:2.4.0] AndroidManifest.xml:33:17-49
53        </provider>
54    </application>
55
56</manifest>